  bishop.cpp
C:\Spring2022\Inheritance Design\week-4\chess\piece.h(22,24): error C2061: syntax error: identifier 'Board'
C:\Spring2022\Inheritance Design\week-4\chess\piece.h(25,14): error C2143: syntax error: missing ';' before '<'
C:\Spring2022\Inheritance Design\week-4\chess\piece.h(25,14): error C2433: 'Piece::set': 'virtual' not permitted on data declarations
C:\Spring2022\Inheritance Design\week-4\chess\piece.h(25,14): error C4430: missing type specifier - int assumed. Note: C++ does not support default-int
C:\Spring2022\Inheritance Design\week-4\chess\piece.h(25,45): error C2238: unexpected token(s) preceding ';'
C:\Spring2022\Inheritance Design\week-4\chess\board.h(13,17): error C2092: 'board' array element type cannot be function or abstract class type
C:\Spring2022\Inheritance Design\week-4\chess\board.h(19,19): error C2092: 'board' array element type cannot be function or abstract class type
  board.cpp
C:\Spring2022\Inheritance Design\week-4\chess\piece.h(22,24): error C2061: syntax error: identifier 'Board'
C:\Spring2022\Inheritance Design\week-4\chess\piece.h(25,14): error C2143: syntax error: missing ';' before '<'
C:\Spring2022\Inheritance Design\week-4\chess\piece.h(25,14): error C2433: 'Piece::set': 'virtual' not permitted on data declarations
C:\Spring2022\Inheritance Design\week-4\chess\piece.h(25,14): error C4430: missing type specifier - int assumed. Note: C++ does not support default-int
C:\Spring2022\Inheritance Design\week-4\chess\piece.h(25,45): error C2238: unexpected token(s) preceding ';'
C:\Spring2022\Inheritance Design\week-4\chess\board.h(13,17): error C2092: 'board' array element type cannot be function or abstract class type
C:\Spring2022\Inheritance Design\week-4\chess\board.h(19,19): error C2092: 'board' array element type cannot be function or abstract class type
C:\Spring2022\Inheritance Design\week-4\chess\board.cpp(31,13): error C2280: 'ogstream &ogstream::operator =(const ogstream &)': attempting to reference a deleted function
C:\Spring2022\Inheritance Design\week-4\chess\uiDraw.h(71): message : compiler has generated 'ogstream::operator =' here
C:\Spring2022\Inheritance Design\week-4\chess\uiDraw.h(71,1): message : 'ogstream &ogstream::operator =(const ogstream &)': function was implicitly deleted because a base class invokes a deleted or inaccessible function 'std::basic_ostringstream<char,std::char_traits<char>,std::allocator<char>> &std::basic_ostringstream<char,std::char_traits<char>,std::allocator<char>>::operator =(const std::basic_ostringstream<char,std::char_traits<char>,std::allocator<char>> &)'
C:\Program Files (x86)\Microsoft Visual Studio\2019\Community\VC\Tools\MSVC\14.29.30133\include\sstream(733,26): message : 'std::basic_ostringstream<char,std::char_traits<char>,std::allocator<char>> &std::basic_ostringstream<char,std::char_traits<char>,std::allocator<char>>::operator =(const std::basic_ostringstream<char,std::char_traits<char>,std::allocator<char>> &)': function was explicitly deleted
C:\Spring2022\Inheritance Design\week-4\chess\board.cpp(50,14): error C2259: 'Piece': cannot instantiate abstract class
C:\Spring2022\Inheritance Design\week-4\chess\piece.h(6): message : see declaration of 'Piece'
C:\Spring2022\Inheritance Design\week-4\chess\board.cpp(50,14): message : due to following members:
C:\Spring2022\Inheritance Design\week-4\chess\board.cpp(50,14): message : 'char Piece::getLetter(void)': is abstract
C:\Spring2022\Inheritance Design\week-4\chess\piece.h(23): message : see declaration of 'Piece::getLetter'
C:\Spring2022\Inheritance Design\week-4\chess\board.cpp(50,14): message : 'void Piece::display(ogstream)': is abstract
C:\Spring2022\Inheritance Design\week-4\chess\piece.h(24): message : see declaration of 'Piece::display'
C:\Spring2022\Inheritance Design\week-4\chess\board.cpp(52,32): error C2597: illegal reference to non-static member 'Board::board'
C:\Spring2022\Inheritance Design\week-4\chess\board.cpp(52,32): error C3867: 'Board::board': non-standard syntax; use '&' to create a pointer to member
C:\Spring2022\Inheritance Design\week-4\chess\board.cpp(52,32): error C2109: subscript requires array or pointer type
C:\Spring2022\Inheritance Design\week-4\chess\board.cpp(67,2): error C2143: syntax error: missing ';' before 'for'
C:\Spring2022\Inheritance Design\week-4\chess\board.cpp(69,36): error C2440: 'initializing': cannot convert from 'Pawn *' to 'Pawn'
C:\Spring2022\Inheritance Design\week-4\chess\board.cpp(69,36): message : No constructor could take the source type, or constructor overload resolution was ambiguous
C:\Spring2022\Inheritance Design\week-4\chess\board.cpp(70,10): error C2597: illegal reference to non-static member 'Board::board'
C:\Spring2022\Inheritance Design\week-4\chess\board.cpp(70,10): error C3867: 'Board::board': non-standard syntax; use '&' to create a pointer to member
C:\Spring2022\Inheritance Design\week-4\chess\board.cpp(70,10): error C2109: subscript requires array or pointer type
C:\Spring2022\Inheritance Design\week-4\chess\board.cpp(71,2): error C2143: syntax error: missing ';' before '}'
C:\Spring2022\Inheritance Design\week-4\chess\board.cpp(75,41): error C2440: 'initializing': cannot convert from 'Pawn *' to 'Pawn'
C:\Spring2022\Inheritance Design\week-4\chess\board.cpp(75,41): message : No constructor could take the source type, or constructor overload resolution was ambiguous
C:\Spring2022\Inheritance Design\week-4\chess\board.cpp(76,10): error C2597: illegal reference to non-static member 'Board::board'
C:\Spring2022\Inheritance Design\week-4\chess\board.cpp(76,10): error C3867: 'Board::board': non-standard syntax; use '&' to create a pointer to member
C:\Spring2022\Inheritance Design\week-4\chess\board.cpp(76,10): error C2109: subscript requires array or pointer type
C:\Spring2022\Inheritance Design\week-4\chess\board.cpp(77,2): error C2143: syntax error: missing ';' before '}'
C:\Spring2022\Inheritance Design\week-4\chess\board.cpp(85,39): error C2661: 'Space::Space': no overloaded function takes 3 arguments
C:\Spring2022\Inheritance Design\week-4\chess\board.cpp(86,21): error C2597: illegal reference to non-static member 'Board::board'
C:\Spring2022\Inheritance Design\week-4\chess\board.cpp(86,21): error C3867: 'Board::board': non-standard syntax; use '&' to create a pointer to member
C:\Spring2022\Inheritance Design\week-4\chess\board.cpp(86,21): error C2109: subscript requires array or pointer type
C:\Spring2022\Inheritance Design\week-4\chess\board.cpp(91,38): error C2661: 'Rook::Rook': no overloaded function takes 3 arguments
C:\Spring2022\Inheritance Design\week-4\chess\board.cpp(92,39): error C2661: 'Rook::Rook': no overloaded function takes 3 arguments
C:\Spring2022\Inheritance Design\week-4\chess\board.cpp(93,10): error C2597: illegal reference to non-static member 'Board::board'
C:\Spring2022\Inheritance Design\week-4\chess\board.cpp(93,10): error C3867: 'Board::board': non-standard syntax; use '&' to create a pointer to member
C:\Spring2022\Inheritance Design\week-4\chess\board.cpp(93,10): error C2109: subscript requires array or pointer type
C:\Spring2022\Inheritance Design\week-4\chess\board.cpp(94,10): error C2597: illegal reference to non-static member 'Board::board'
C:\Spring2022\Inheritance Design\week-4\chess\board.cpp(94,10): error C3867: 'Board::board': non-standard syntax; use '&' to create a pointer to member
C:\Spring2022\Inheritance Design\week-4\chess\board.cpp(94,10): error C2109: subscript requires array or pointer type
C:\Spring2022\Inheritance Design\week-4\chess\board.cpp(95,44): error C2661: 'Knight::Knight': no overloaded function takes 3 arguments
C:\Spring2022\Inheritance Design\week-4\chess\board.cpp(96,45): error C2661: 'Knight::Knight': no overloaded function takes 3 arguments
C:\Spring2022\Inheritance Design\week-4\chess\board.cpp(97,10): error C2597: illegal reference to non-static member 'Board::board'
C:\Spring2022\Inheritance Design\week-4\chess\board.cpp(97,10): error C3867: 'Board::board': non-standard syntax; use '&' to create a pointer to member
C:\Spring2022\Inheritance Design\week-4\chess\board.cpp(97,10): error C2109: subscript requires array or pointer type
C:\Spring2022\Inheritance Design\week-4\chess\board.cpp(98,10): error C2597: illegal reference to non-static member 'Board::board'
C:\Spring2022\Inheritance Design\week-4\chess\board.cpp(98,10): error C3867: 'Board::board': non-standard syntax; use '&' to create a pointer to member
C:\Spring2022\Inheritance Design\week-4\chess\board.cpp(98,10): error C2109: subscript requires array or pointer type
C:\Spring2022\Inheritance Design\week-4\chess\board.cpp(99,44): error C2661: 'Bishop::Bishop': no overloaded function takes 3 arguments
C:\Spring2022\Inheritance Design\week-4\chess\board.cpp(100,45): error C2661: 'Bishop::Bishop': no overloaded function takes 3 arguments
C:\Spring2022\Inheritance Design\week-4\chess\board.cpp(101,10): error C2597: illegal reference to non-static member 'Board::board'
C:\Spring2022\Inheritance Design\week-4\chess\board.cpp(101,10): error C3867: 'Board::board': non-standard syntax; use '&' to create a pointer to member
C:\Spring2022\Inheritance Design\week-4\chess\board.cpp(101,10): error C2109: subscript requires array or pointer type
C:\Spring2022\Inheritance Design\week-4\chess\board.cpp(102,10): error C2597: illegal reference to non-static member 'Board::board'
C:\Spring2022\Inheritance Design\week-4\chess\board.cpp(102,10): error C3867: 'Board::board': non-standard syntax; use '&' to create a pointer to member
C:\Spring2022\Inheritance Design\week-4\chess\board.cpp(102,10): error C2109: subscript requires array or pointer type
C:\Spring2022\Inheritance Design\week-4\chess\board.cpp(104,37): error C2661: 'Queen::Queen': no overloaded function takes 3 arguments
C:\Spring2022\Inheritance Design\week-4\chess\board.cpp(105,10): error C2597: illegal reference to non-static member 'Board::board'
C:\Spring2022\Inheritance Design\week-4\chess\board.cpp(105,10): error C3867: 'Board::board': non-standard syntax; use '&' to create a pointer to member
C:\Spring2022\Inheritance Design\week-4\chess\board.cpp(105,10): error C2109: subscript requires array or pointer type
C:\Spring2022\Inheritance Design\week-4\chess\board.cpp(107,34): error C2661: 'King::King': no overloaded function takes 3 arguments
C:\Spring2022\Inheritance Design\week-4\chess\board.cpp(108,10): error C2597: illegal reference to non-static member 'Board::board'
C:\Spring2022\Inheritance Design\week-4\chess\board.cpp(108,10): error C3867: 'Board::board': non-standard syntax; use '&' to create a pointer to member
C:\Spring2022\Inheritance Design\week-4\chess\board.cpp(108,10): error C2109: subscript requires array or pointer type
C:\Spring2022\Inheritance Design\week-4\chess\board.cpp(113,3): error C2146: syntax error: missing ';' before identifier 'Rook'
C:\Spring2022\Inheritance Design\week-4\chess\board.cpp(113,8): error C2374: 'rookLeft': redefinition; multiple initialization
C:\Spring2022\Inheritance Design\week-4\chess\board.cpp(91): message : see declaration of 'rookLeft'
C:\Spring2022\Inheritance Design\week-4\chess\board.cpp(113,40): error C2661: 'Rook::Rook': no overloaded function takes 3 arguments
C:\Spring2022\Inheritance Design\week-4\chess\board.cpp(114,7): error C2374: 'rookRight': redefinition; multiple initialization
C:\Spring2022\Inheritance Design\week-4\chess\board.cpp(92): message : see declaration of 'rookRight'
C:\Spring2022\Inheritance Design\week-4\chess\board.cpp(114,40): error C2661: 'Rook::Rook': no overloaded function takes 3 arguments
C:\Spring2022\Inheritance Design\week-4\chess\board.cpp(115,9): error C2597: illegal reference to non-static member 'Board::board'
C:\Spring2022\Inheritance Design\week-4\chess\board.cpp(115,9): error C3867: 'Board::board': non-standard syntax; use '&' to create a pointer to member
C:\Spring2022\Inheritance Design\week-4\chess\board.cpp(115,9): error C2109: subscript requires array or pointer type
C:\Spring2022\Inheritance Design\week-4\chess\board.cpp(116,9): error C2597: illegal reference to non-static member 'Board::board'
C:\Spring2022\Inheritance Design\week-4\chess\board.cpp(116,9): error C3867: 'Board::board': non-standard syntax; use '&' to create a pointer to member
C:\Spring2022\Inheritance Design\week-4\chess\board.cpp(116,9): error C2109: subscript requires array or pointer type
C:\Spring2022\Inheritance Design\week-4\chess\board.cpp(117,9): error C2374: 'knightLeft': redefinition; multiple initialization
C:\Spring2022\Inheritance Design\week-4\chess\board.cpp(95): message : see declaration of 'knightLeft'
C:\Spring2022\Inheritance Design\week-4\chess\board.cpp(117,45): error C2661: 'Knight::Knight': no overloaded function takes 3 arguments
C:\Spring2022\Inheritance Design\week-4\chess\board.cpp(118,9): error C2374: 'knightRight': redefinition; multiple initialization
C:\Spring2022\Inheritance Design\week-4\chess\board.cpp(96): message : see declaration of 'knightRight'
C:\Spring2022\Inheritance Design\week-4\chess\board.cpp(118,46): error C2661: 'Knight::Knight': no overloaded function takes 3 arguments
C:\Spring2022\Inheritance Design\week-4\chess\board.cpp(119,9): error C2597: illegal reference to non-static member 'Board::board'
C:\Spring2022\Inheritance Design\week-4\chess\board.cpp(119,9): error C3867: 'Board::board': non-standard syntax; use '&' to create a pointer to member
C:\Spring2022\Inheritance Design\week-4\chess\board.cpp(119,9): error C2109: subscript requires array or pointer type
C:\Spring2022\Inheritance Design\week-4\chess\board.cpp(120,9): error C2597: illegal reference to non-static member 'Board::board'
C:\Spring2022\Inheritance Design\week-4\chess\board.cpp(120,9): error C3867: 'Board::board': non-standard syntax; use '&' to create a pointer to member
C:\Spring2022\Inheritance Design\week-4\chess\board.cpp(120,9): error C2109: subscript requires array or pointer type
C:\Spring2022\Inheritance Design\week-4\chess\board.cpp(121,9): error C2374: 'bishopLeft': redefinition; multiple initialization
C:\Spring2022\Inheritance Design\week-4\chess\board.cpp(99): message : see declaration of 'bishopLeft'
C:\Spring2022\Inheritance Design\week-4\chess\board.cpp(121,45): error C2661: 'Bishop::Bishop': no overloaded function takes 3 arguments
C:\Spring2022\Inheritance Design\week-4\chess\board.cpp(122,9): error C2374: 'bishopRight': redefinition; multiple initialization
C:\Spring2022\Inheritance Design\week-4\chess\board.cpp(100): message : see declaration of 'bishopRight'
C:\Spring2022\Inheritance Design\week-4\chess\board.cpp(122,46): error C2661: 'Bishop::Bishop': no overloaded function takes 3 arguments
C:\Spring2022\Inheritance Design\week-4\chess\board.cpp(123,9): error C2597: illegal reference to non-static member 'Board::board'
C:\Spring2022\Inheritance Design\week-4\chess\board.cpp(123,9): error C3867: 'Board::board': non-standard syntax; use '&' to create a pointer to member
C:\Spring2022\Inheritance Design\week-4\chess\board.cpp(123,9): error C2109: subscript requires array or pointer type
C:\Spring2022\Inheritance Design\week-4\chess\board.cpp(124,9): error C2597: illegal reference to non-static member 'Board::board'
C:\Spring2022\Inheritance Design\week-4\chess\board.cpp(124,9): error C3867: 'Board::board': non-standard syntax; use '&' to create a pointer to member
C:\Spring2022\Inheritance Design\week-4\chess\board.cpp(124,9): error C2109: subscript requires array or pointer type
C:\Spring2022\Inheritance Design\week-4\chess\board.cpp(126,8): error C2374: 'queen': redefinition; multiple initialization
C:\Spring2022\Inheritance Design\week-4\chess\board.cpp(104): message : see declaration of 'queen'
C:\Spring2022\Inheritance Design\week-4\chess\board.cpp(126,38): error C2661: 'Queen::Queen': no overloaded function takes 3 arguments
C:\Spring2022\Inheritance Design\week-4\chess\board.cpp(127,9): error C2597: illegal reference to non-static member 'Board::board'
C:\Spring2022\Inheritance Design\week-4\chess\board.cpp(127,9): error C3867: 'Board::board': non-standard syntax; use '&' to create a pointer to member
C:\Spring2022\Inheritance Design\week-4\chess\board.cpp(127,9): error C2109: subscript requires array or pointer type
C:\Spring2022\Inheritance Design\week-4\chess\board.cpp(129,7): error C2374: 'king': redefinition; multiple initialization
C:\Spring2022\Inheritance Design\week-4\chess\board.cpp(107): message : see declaration of 'king'
C:\Spring2022\Inheritance Design\week-4\chess\board.cpp(129,35): error C2661: 'King::King': no overloaded function takes 3 arguments
C:\Spring2022\Inheritance Design\week-4\chess\board.cpp(130,9): error C2597: illegal reference to non-static member 'Board::board'
C:\Spring2022\Inheritance Design\week-4\chess\board.cpp(130,9): error C3867: 'Board::board': non-standard syntax; use '&' to create a pointer to member
C:\Spring2022\Inheritance Design\week-4\chess\board.cpp(130,9): error C2109: subscript requires array or pointer type
C:\Spring2022\Inheritance Design\week-4\chess\board.cpp(131,1): error C2143: syntax error: missing ';' before '}'
C:\Spring2022\Inheritance Design\week-4\chess\board.cpp(139,13): error C2259: 'Piece': cannot instantiate abstract class
C:\Spring2022\Inheritance Design\week-4\chess\piece.h(6): message : see declaration of 'Piece'
C:\Spring2022\Inheritance Design\week-4\chess\board.cpp(140,1): fatal error C1003: error count exceeds 100; stopping compilation
  king.cpp
C:\Spring2022\Inheritance Design\week-4\chess\piece.h(22,24): error C2061: syntax error: identifier 'Board'
C:\Spring2022\Inheritance Design\week-4\chess\piece.h(25,14): error C2143: syntax error: missing ';' before '<'
C:\Spring2022\Inheritance Design\week-4\chess\piece.h(25,14): error C2433: 'Piece::set': 'virtual' not permitted on data declarations
C:\Spring2022\Inheritance Design\week-4\chess\piece.h(25,14): error C4430: missing type specifier - int assumed. Note: C++ does not support default-int
C:\Spring2022\Inheritance Design\week-4\chess\piece.h(25,45): error C2238: unexpected token(s) preceding ';'
C:\Spring2022\Inheritance Design\week-4\chess\board.h(13,17): error C2092: 'board' array element type cannot be function or abstract class type
C:\Spring2022\Inheritance Design\week-4\chess\board.h(19,19): error C2092: 'board' array element type cannot be function or abstract class type
  knight.cpp
C:\Spring2022\Inheritance Design\week-4\chess\piece.h(22,24): error C2061: syntax error: identifier 'Board'
C:\Spring2022\Inheritance Design\week-4\chess\piece.h(25,14): error C2143: syntax error: missing ';' before '<'
C:\Spring2022\Inheritance Design\week-4\chess\piece.h(25,14): error C2433: 'Piece::set': 'virtual' not permitted on data declarations
C:\Spring2022\Inheritance Design\week-4\chess\piece.h(25,14): error C4430: missing type specifier - int assumed. Note: C++ does not support default-int
C:\Spring2022\Inheritance Design\week-4\chess\piece.h(25,45): error C2238: unexpected token(s) preceding ';'
C:\Spring2022\Inheritance Design\week-4\chess\board.h(13,17): error C2092: 'board' array element type cannot be function or abstract class type
C:\Spring2022\Inheritance Design\week-4\chess\board.h(19,19): error C2092: 'board' array element type cannot be function or abstract class type
  pawn.cpp
C:\Spring2022\Inheritance Design\week-4\chess\piece.h(22,24): error C2061: syntax error: identifier 'Board'
C:\Spring2022\Inheritance Design\week-4\chess\piece.h(25,14): error C2143: syntax error: missing ';' before '<'
C:\Spring2022\Inheritance Design\week-4\chess\piece.h(25,14): error C2433: 'Piece::set': 'virtual' not permitted on data declarations
C:\Spring2022\Inheritance Design\week-4\chess\piece.h(25,14): error C4430: missing type specifier - int assumed. Note: C++ does not support default-int
C:\Spring2022\Inheritance Design\week-4\chess\piece.h(25,45): error C2238: unexpected token(s) preceding ';'
C:\Spring2022\Inheritance Design\week-4\chess\board.h(13,17): error C2092: 'board' array element type cannot be function or abstract class type
C:\Spring2022\Inheritance Design\week-4\chess\board.h(19,19): error C2092: 'board' array element type cannot be function or abstract class type
C:\Spring2022\Inheritance Design\week-4\chess\pawn.cpp(18,12): error C2065: 'pos': undeclared identifier
C:\Spring2022\Inheritance Design\week-4\chess\pawn.cpp(19,12): error C2065: 'pos': undeclared identifier
C:\Spring2022\Inheritance Design\week-4\chess\pawn.cpp(22,19): error C3861: 'getPosition': identifier not found
C:\Spring2022\Inheritance Design\week-4\chess\pawn.cpp(32,8): error C3861: 'isWhite': identifier not found
C:\Spring2022\Inheritance Design\week-4\chess\pawn.cpp(72,17): error C2065: 'location': undeclared identifier
C:\Spring2022\Inheritance Design\week-4\chess\pawn.cpp(72,46): error C2065: 'location': undeclared identifier
C:\Spring2022\Inheritance Design\week-4\chess\pawn.cpp(115,47): error C2065: 'location': undeclared identifier
  piece.cpp
C:\Spring2022\Inheritance Design\week-4\chess\piece.h(22,24): error C2061: syntax error: identifier 'Board'
C:\Spring2022\Inheritance Design\week-4\chess\piece.h(25,14): error C2143: syntax error: missing ';' before '<'
C:\Spring2022\Inheritance Design\week-4\chess\piece.h(25,14): error C2433: 'Piece::set': 'virtual' not permitted on data declarations
C:\Spring2022\Inheritance Design\week-4\chess\piece.h(25,14): error C4430: missing type specifier - int assumed. Note: C++ does not support default-int
C:\Spring2022\Inheritance Design\week-4\chess\piece.h(25,45): error C2238: unexpected token(s) preceding ';'
C:\Spring2022\Inheritance Design\week-4\chess\piece.cpp(38,30): error C2065: 'Board': undeclared identifier
C:\Spring2022\Inheritance Design\week-4\chess\piece.cpp(38,36): error C2146: syntax error: missing ')' before identifier 'board'
C:\Spring2022\Inheritance Design\week-4\chess\piece.cpp(39,1): error C2143: syntax error: missing ';' before '{'
C:\Spring2022\Inheritance Design\week-4\chess\piece.cpp(39,1): error C2447: '{': missing function header (old-style formal list?)
  queen.cpp
C:\Spring2022\Inheritance Design\week-4\chess\piece.h(22,24): error C2061: syntax error: identifier 'Board'
C:\Spring2022\Inheritance Design\week-4\chess\piece.h(25,14): error C2143: syntax error: missing ';' before '<'
C:\Spring2022\Inheritance Design\week-4\chess\piece.h(25,14): error C2433: 'Piece::set': 'virtual' not permitted on data declarations
C:\Spring2022\Inheritance Design\week-4\chess\piece.h(25,14): error C4430: missing type specifier - int assumed. Note: C++ does not support default-int
C:\Spring2022\Inheritance Design\week-4\chess\piece.h(25,45): error C2238: unexpected token(s) preceding ';'
C:\Spring2022\Inheritance Design\week-4\chess\board.h(13,17): error C2092: 'board' array element type cannot be function or abstract class type
C:\Spring2022\Inheritance Design\week-4\chess\board.h(19,19): error C2092: 'board' array element type cannot be function or abstract class type
  rook.cpp
C:\Spring2022\Inheritance Design\week-4\chess\piece.h(22,24): error C2061: syntax error: identifier 'Board'
C:\Spring2022\Inheritance Design\week-4\chess\piece.h(25,14): error C2143: syntax error: missing ';' before '<'
C:\Spring2022\Inheritance Design\week-4\chess\piece.h(25,14): error C2433: 'Piece::set': 'virtual' not permitted on data declarations
C:\Spring2022\Inheritance Design\week-4\chess\piece.h(25,14): error C4430: missing type specifier - int assumed. Note: C++ does not support default-int
C:\Spring2022\Inheritance Design\week-4\chess\piece.h(25,45): error C2238: unexpected token(s) preceding ';'
C:\Spring2022\Inheritance Design\week-4\chess\board.h(13,17): error C2092: 'board' array element type cannot be function or abstract class type
C:\Spring2022\Inheritance Design\week-4\chess\board.h(19,19): error C2092: 'board' array element type cannot be function or abstract class type
  space.cpp
C:\Spring2022\Inheritance Design\week-4\chess\piece.h(22,24): error C2061: syntax error: identifier 'Board'
C:\Spring2022\Inheritance Design\week-4\chess\piece.h(25,14): error C2143: syntax error: missing ';' before '<'
C:\Spring2022\Inheritance Design\week-4\chess\piece.h(25,14): error C2433: 'Piece::set': 'virtual' not permitted on data declarations
C:\Spring2022\Inheritance Design\week-4\chess\piece.h(25,14): error C4430: missing type specifier - int assumed. Note: C++ does not support default-int
C:\Spring2022\Inheritance Design\week-4\chess\piece.h(25,45): error C2238: unexpected token(s) preceding ';'
C:\Spring2022\Inheritance Design\week-4\chess\board.h(13,17): error C2092: 'board' array element type cannot be function or abstract class type
C:\Spring2022\Inheritance Design\week-4\chess\board.h(19,19): error C2092: 'board' array element type cannot be function or abstract class type
  testPiece.cpp
c1xx : fatal error C1083: Cannot open source file: 'testPiece.cpp': No such file or directory
  uiDraw.cpp
  uiInteract.cpp
  Generating Code...
